[21:16:37]	[Info]	Loading sets from C:\Users\user\Desktop\RTK\EKA2020\MaksligaisIntelekts\TerzesanasBota_Paraugs_AIML\azokaBOT\sets.
[21:16:37]	[Info]	Loaded 14 set(s).
[21:16:37]	[Info]	Loading maps from C:\Users\user\Desktop\RTK\EKA2020\MaksligaisIntelekts\TerzesanasBota_Paraugs_AIML\azokaBOT\maps.
[21:16:37]	[Info]	Loaded 4 map(s).
[21:16:37]	[Info]	Loading maps from C:\Users\user\Desktop\RTK\EKA2020\MaksligaisIntelekts\TerzesanasBota_Paraugs_AIML\azokaBOT\triples.txt.
[21:16:37]	[Info]	Loaded 17 triple(s).
[21:16:37]	[Info]	Loading AIML files from C:\Users\user\Desktop\RTK\EKA2020\MaksligaisIntelekts\TerzesanasBota_Paraugs_AIML\azokaBOT\aiml
[21:16:37]	[Info]	Processing AIML file: C:\Users\user\Desktop\RTK\EKA2020\MaksligaisIntelekts\TerzesanasBota_Paraugs_AIML\azokaBOT\aiml\pand_initial.aiml
[21:16:37]	[Info]	Processing AIML file: C:\Users\user\Desktop\RTK\EKA2020\MaksligaisIntelekts\TerzesanasBota_Paraugs_AIML\azokaBOT\aiml\sveiciens.aiml
[21:17:52]	[Info]	Loading sets from C:\Users\user\Desktop\RTK\EKA2020\MaksligaisIntelekts\TerzesanasBota_Paraugs_AIML\azokaBOT\sets.
[21:17:52]	[Info]	Loaded 14 set(s).
[21:17:52]	[Info]	Loading maps from C:\Users\user\Desktop\RTK\EKA2020\MaksligaisIntelekts\TerzesanasBota_Paraugs_AIML\azokaBOT\maps.
[21:17:52]	[Info]	Loaded 4 map(s).
[21:17:52]	[Info]	Loading maps from C:\Users\user\Desktop\RTK\EKA2020\MaksligaisIntelekts\TerzesanasBota_Paraugs_AIML\azokaBOT\triples.txt.
[21:17:52]	[Info]	Loaded 17 triple(s).
[21:17:52]	[Info]	Loading AIML files from C:\Users\user\Desktop\RTK\EKA2020\MaksligaisIntelekts\TerzesanasBota_Paraugs_AIML\azokaBOT\aiml
[21:17:52]	[Info]	Processing AIML file: C:\Users\user\Desktop\RTK\EKA2020\MaksligaisIntelekts\TerzesanasBota_Paraugs_AIML\azokaBOT\aiml\pand_initial.aiml
[21:17:53]	[Info]	Processing AIML file: C:\Users\user\Desktop\RTK\EKA2020\MaksligaisIntelekts\TerzesanasBota_Paraugs_AIML\azokaBOT\aiml\sveiciens.aiml
[21:20:01]	[Info]	Loading sets from C:\Users\user\Desktop\RTK\EKA2020\MaksligaisIntelekts\TerzesanasBota_Paraugs_AIML\azokaBOT\sets.
[21:20:01]	[Info]	Loaded 14 set(s).
[21:20:01]	[Info]	Loading maps from C:\Users\user\Desktop\RTK\EKA2020\MaksligaisIntelekts\TerzesanasBota_Paraugs_AIML\azokaBOT\maps.
[21:20:01]	[Info]	Loaded 4 map(s).
[21:20:01]	[Info]	Loading maps from C:\Users\user\Desktop\RTK\EKA2020\MaksligaisIntelekts\TerzesanasBota_Paraugs_AIML\azokaBOT\triples.txt.
[21:20:01]	[Info]	Loaded 17 triple(s).
[21:20:01]	[Info]	Loading AIML files from C:\Users\user\Desktop\RTK\EKA2020\MaksligaisIntelekts\TerzesanasBota_Paraugs_AIML\azokaBOT\aiml
[21:20:01]	[Info]	Processing AIML file: C:\Users\user\Desktop\RTK\EKA2020\MaksligaisIntelekts\TerzesanasBota_Paraugs_AIML\azokaBOT\aiml\pand_initial.aiml
[21:20:01]	[Info]	Processing AIML file: C:\Users\user\Desktop\RTK\EKA2020\MaksligaisIntelekts\TerzesanasBota_Paraugs_AIML\azokaBOT\aiml\sveiciens.aiml
[21:23:27]	[Info]	Loading sets from C:\Users\user\Desktop\RTK\EKA2020\MaksligaisIntelekts\TerzesanasBota_Paraugs_AIML\azokaBOT\sets.
[21:23:27]	[Info]	Loaded 14 set(s).
[21:23:27]	[Info]	Loading maps from C:\Users\user\Desktop\RTK\EKA2020\MaksligaisIntelekts\TerzesanasBota_Paraugs_AIML\azokaBOT\maps.
[21:23:27]	[Info]	Loaded 4 map(s).
[21:23:27]	[Info]	Loading maps from C:\Users\user\Desktop\RTK\EKA2020\MaksligaisIntelekts\TerzesanasBota_Paraugs_AIML\azokaBOT\triples.txt.
[21:23:27]	[Info]	Loaded 17 triple(s).
[21:23:27]	[Info]	Loading AIML files from C:\Users\user\Desktop\RTK\EKA2020\MaksligaisIntelekts\TerzesanasBota_Paraugs_AIML\azokaBOT\aiml
[21:23:27]	[Info]	Processing AIML file: C:\Users\user\Desktop\RTK\EKA2020\MaksligaisIntelekts\TerzesanasBota_Paraugs_AIML\azokaBOT\aiml\pand_initial.aiml
[21:23:27]	[Info]	Processing AIML file: C:\Users\user\Desktop\RTK\EKA2020\MaksligaisIntelekts\TerzesanasBota_Paraugs_AIML\azokaBOT\aiml\sveiciens.aiml
[21:23:27]	[Info]	Finished loading the AIML files. 36 categories in 2 files processed.
[21:23:30]	[Chat]	User: cau
[21:23:30]	[Chat]	azoka bots: Sveiks! Vakcinācija paredzēta pieaugušajiem Latvijas iedzīvotājiem. Vai vēlies vakcineties pret Covid-19?
[21:23:32]	[Chat]	User: ja
[21:23:32]	[Chat]	azoka bots: Ko tieši Jūs interesē? 1. vakcīna? 2. vakcīna? Tests uz anti-vielam?
[21:23:37]	[Chat]	User: tests
[21:23:37]	[Chat]	azoka bots: Labi! Tava izvēle ir: unknown.Vai pareizi sapratu?
[21:23:41]	[Chat]	User: ja
[21:23:41]	[Chat]	azoka bots: Lieliski! Vai tu vēlies arī tests uz anti-vielam pec 2 nedēļam?
[21:23:44]	[Chat]	User: ja
[21:23:44]	[Chat]	azoka bots: Labi! Izvelies laboratorijas adresi, kur grībat nodot asina analizes? 1. Rīga-Imanta, Anninmuižas būlv. 90, 2. Rīga-Centrs, Merkeļa iela 2, 3. Rīga- Purvciems, Nicgales iela 2, 4. Rīga- Kengarags, Kengaraga iela 1a
[21:23:46]	[Chat]	User: 1
[21:23:46]	[Chat]	azoka bots: Labi! Tava izvēle ir: Rīga-Imanta, Anninmuižas būlv. 90. Vai pareizi sapratu?
[21:23:49]	[Chat]	User: ja
[21:23:49]	[Chat]	azoka bots: Lieliski! Tu ierakstijies uz : Pakalpojums1: unknown Adrese: unknown Pakalpojums2: unknown Adrese: unknown Pakalpojums3: Rīga-Imanta, Anninmuižas būlv. 90 Adrese: Neaizmirsti paņemt līdi personas apliecinošu dokumentu! Paldies, ka izvelejies mūsu pakalpojumus!
[22:36:34]	[Info]	Loading sets from C:\Users\user\Desktop\RTK\EKA2020\MaksligaisIntelekts\TerzesanasBota_Paraugs_AIML\azokaBOT\sets.
[22:36:34]	[Info]	Loaded 14 set(s).
[22:36:34]	[Info]	Loading maps from C:\Users\user\Desktop\RTK\EKA2020\MaksligaisIntelekts\TerzesanasBota_Paraugs_AIML\azokaBOT\maps.
[22:36:34]	[Info]	Loaded 4 map(s).
[22:36:34]	[Info]	Loading maps from C:\Users\user\Desktop\RTK\EKA2020\MaksligaisIntelekts\TerzesanasBota_Paraugs_AIML\azokaBOT\triples.txt.
[22:36:34]	[Info]	Loaded 17 triple(s).
[22:36:34]	[Info]	Loading AIML files from C:\Users\user\Desktop\RTK\EKA2020\MaksligaisIntelekts\TerzesanasBota_Paraugs_AIML\azokaBOT\aiml
[22:36:34]	[Info]	Processing AIML file: C:\Users\user\Desktop\RTK\EKA2020\MaksligaisIntelekts\TerzesanasBota_Paraugs_AIML\azokaBOT\aiml\pand_initial.aiml
[22:36:34]	[Info]	Processing AIML file: C:\Users\user\Desktop\RTK\EKA2020\MaksligaisIntelekts\TerzesanasBota_Paraugs_AIML\azokaBOT\aiml\sveiciens.aiml
[22:36:34]	[Info]	Finished loading the AIML files. 36 categories in 2 files processed.
[22:36:37]	[Chat]	User: cau
[22:36:37]	[Chat]	azoka bots: Sveiki! Vakcīna pasargās Jūs no simptomātiskas saslimšanas ar Covid-19. Vai vēlies vakcineties pret Covid-19?
[22:36:38]	[Chat]	User: ja
[22:36:38]	[Chat]	azoka bots: Ko tieši Jūs interesē? 1. vakcīna? 2. vakcīna? Tests uz anti-vielam?
[22:36:41]	[Chat]	User: 2
[22:36:41]	[Chat]	azoka bots: Labi! Tu ierakstijies uz : asd asd asd asd asd asd asd asd as da sd asd as Adrese:
[22:52:40]	[Info]	Loading sets from C:\Users\user\Desktop\RTK\EKA2020\MaksligaisIntelekts\TerzesanasBota_Paraugs_AIML\azokaBOT\sets.
[22:52:40]	[Info]	Loaded 14 set(s).
[22:52:40]	[Info]	Loading maps from C:\Users\user\Desktop\RTK\EKA2020\MaksligaisIntelekts\TerzesanasBota_Paraugs_AIML\azokaBOT\maps.
[22:52:40]	[Info]	Loaded 4 map(s).
[22:52:40]	[Info]	Loading maps from C:\Users\user\Desktop\RTK\EKA2020\MaksligaisIntelekts\TerzesanasBota_Paraugs_AIML\azokaBOT\triples.txt.
[22:52:40]	[Info]	Loaded 17 triple(s).
[22:52:40]	[Info]	Loading AIML files from C:\Users\user\Desktop\RTK\EKA2020\MaksligaisIntelekts\TerzesanasBota_Paraugs_AIML\azokaBOT\aiml
[22:52:40]	[Info]	Processing AIML file: C:\Users\user\Desktop\RTK\EKA2020\MaksligaisIntelekts\TerzesanasBota_Paraugs_AIML\azokaBOT\aiml\pand_initial.aiml
[22:52:40]	[Info]	Processing AIML file: C:\Users\user\Desktop\RTK\EKA2020\MaksligaisIntelekts\TerzesanasBota_Paraugs_AIML\azokaBOT\aiml\sveiciens.aiml
[22:52:40]	[Info]	Finished loading the AIML files. 36 categories in 2 files processed.
[22:52:43]	[Chat]	User: cau
[22:52:43]	[Chat]	azoka bots: Sveiki! Vakcīna pasargās Jūs no simptomātiskas saslimšanas ar Covid-19. Vai vēlies vakcineties pret Covid-19?
[22:52:44]	[Chat]	User: ja
[22:52:44]	[Chat]	azoka bots: Ko tieši Jūs interesē? 1. vakcīna? 2. vakcīna? Tests uz anti-vielam?
[22:52:46]	[Chat]	User: 2
[22:52:46]	[Chat]	azoka bots: Labi! Tu ierakstijies uz : asd asd asd asd asd asd asd asd as da sd asd as Adrese:
[22:59:06]	[Info]	Loading sets from C:\Users\user\Desktop\RTK\EKA2020\MaksligaisIntelekts\TerzesanasBota_Paraugs_AIML\azokaBOT\sets.
[22:59:06]	[Info]	Loaded 14 set(s).
[22:59:06]	[Info]	Loading maps from C:\Users\user\Desktop\RTK\EKA2020\MaksligaisIntelekts\TerzesanasBota_Paraugs_AIML\azokaBOT\maps.
[22:59:06]	[Info]	Loaded 4 map(s).
[22:59:06]	[Info]	Loading maps from C:\Users\user\Desktop\RTK\EKA2020\MaksligaisIntelekts\TerzesanasBota_Paraugs_AIML\azokaBOT\triples.txt.
[22:59:06]	[Info]	Loaded 17 triple(s).
[22:59:06]	[Info]	Loading AIML files from C:\Users\user\Desktop\RTK\EKA2020\MaksligaisIntelekts\TerzesanasBota_Paraugs_AIML\azokaBOT\aiml
[22:59:06]	[Info]	Processing AIML file: C:\Users\user\Desktop\RTK\EKA2020\MaksligaisIntelekts\TerzesanasBota_Paraugs_AIML\azokaBOT\aiml\pand_initial.aiml
[22:59:06]	[Info]	Processing AIML file: C:\Users\user\Desktop\RTK\EKA2020\MaksligaisIntelekts\TerzesanasBota_Paraugs_AIML\azokaBOT\aiml\sveiciens.aiml
[22:59:06]	[Info]	Finished loading the AIML files. 36 categories in 2 files processed.
[22:59:11]	[Chat]	User: cau
[22:59:11]	[Chat]	azoka bots: Sveiki! Vakcīna pasargās Jūs no simptomātiskas saslimšanas ar Covid-19. Vai vēlies vakcineties pret Covid-19?
[22:59:13]	[Chat]	User: ja
[22:59:13]	[Chat]	azoka bots: Ko tieši Jūs interesē? 1. vakcīna? 2. vakcīna? Tests uz anti-vielam?
[22:59:14]	[Chat]	User: 2
[22:59:14]	[Chat]	azoka bots: Labi! Tu ierakstijies uz : asd asd asd asd asd asd asd asd as da sd asd as Adrese:
[23:42:52]	[Info]	Loading sets from C:\Users\user\Desktop\RTK\EKA2020\MaksligaisIntelekts\TerzesanasBota_Paraugs_AIML\azokaBOT\sets.
[23:42:52]	[Info]	Loaded 14 set(s).
[23:42:52]	[Info]	Loading maps from C:\Users\user\Desktop\RTK\EKA2020\MaksligaisIntelekts\TerzesanasBota_Paraugs_AIML\azokaBOT\maps.
[23:42:52]	[Info]	Loaded 4 map(s).
[23:42:52]	[Info]	Loading maps from C:\Users\user\Desktop\RTK\EKA2020\MaksligaisIntelekts\TerzesanasBota_Paraugs_AIML\azokaBOT\triples.txt.
[23:42:52]	[Info]	Loaded 17 triple(s).
[23:42:52]	[Info]	Loading AIML files from C:\Users\user\Desktop\RTK\EKA2020\MaksligaisIntelekts\TerzesanasBota_Paraugs_AIML\azokaBOT\aiml
[23:42:52]	[Info]	Processing AIML file: C:\Users\user\Desktop\RTK\EKA2020\MaksligaisIntelekts\TerzesanasBota_Paraugs_AIML\azokaBOT\aiml\pand_initial.aiml
[23:42:52]	[Info]	Processing AIML file: C:\Users\user\Desktop\RTK\EKA2020\MaksligaisIntelekts\TerzesanasBota_Paraugs_AIML\azokaBOT\aiml\sveiciens.aiml
[23:42:52]	[Info]	Finished loading the AIML files. 43 categories in 2 files processed.
[23:42:56]	[Chat]	User: cau
[23:42:56]	[Chat]	azoka bots: Sveiki! Vakcīna pasargās Jūs no simptomātiskas saslimšanas ar Covid-19. Vai vēlies vakcineties pret Covid-19?
[23:42:57]	[Chat]	User: ja
[23:42:57]	[Chat]	azoka bots: Ko tieši Jūs interesē? 1. vakcīna? 2. vakcīna? Tests uz anti-vielam?
[23:42:58]	[Chat]	User: 2
[23:42:58]	[Chat]	azoka bots: Labi! Tu ierakstijies uz : asd asd asd asd asd asd asd asd as da sd asd as Adrese:
[23:43:01]	[Chat]	User: a
[23:43:01]	[Chat]	azoka bots: Es diemžēl nesapratu! Sveiki! Vai vēlies vakcineties pret Covid-19?
[23:43:02]	[Chat]	User: s
[23:43:02]	[Chat]	azoka bots: Es diemžēl nesapratu! Sveiki! Vai vēlies vakcineties pret Covid-19?
[23:43:02]	[Chat]	User: d
[23:43:02]	[Chat]	azoka bots: Es diemžēl nesapratu! Sveiki! Vai vēlies vakcineties pret Covid-19?
[23:43:03]	[Chat]	User: f
[23:43:03]	[Chat]	azoka bots: Es diemžēl nesapratu! Sveiks! Vai vēlies vakcineties pret Covid-19?
[23:43:03]	[Chat]	User: g
[23:43:03]	[Chat]	azoka bots: Es diemžēl nesapratu! Čau! Vakcīna - Tā ir mūsu kopīga iespēja uzveikt pandēmiju un atgriezties ierastajā dzīves ritmā. Vai vēlies vakcineties pret Covid-19?
[23:43:04]	[Chat]	User: a
[23:43:04]	[Chat]	azoka bots: Es diemžēl nesapratu! Sveiks! Vai vēlies vakcineties pret Covid-19?
[23:43:58]	[Info]	Loading sets from C:\Users\user\Desktop\RTK\EKA2020\MaksligaisIntelekts\TerzesanasBota_Paraugs_AIML\azokaBOT\sets.
[23:43:58]	[Info]	Loaded 14 set(s).
[23:43:58]	[Info]	Loading maps from C:\Users\user\Desktop\RTK\EKA2020\MaksligaisIntelekts\TerzesanasBota_Paraugs_AIML\azokaBOT\maps.
[23:43:58]	[Info]	Loaded 4 map(s).
[23:43:58]	[Info]	Loading maps from C:\Users\user\Desktop\RTK\EKA2020\MaksligaisIntelekts\TerzesanasBota_Paraugs_AIML\azokaBOT\triples.txt.
[23:43:58]	[Info]	Loaded 17 triple(s).
[23:43:58]	[Info]	Loading AIML files from C:\Users\user\Desktop\RTK\EKA2020\MaksligaisIntelekts\TerzesanasBota_Paraugs_AIML\azokaBOT\aiml
[23:43:58]	[Info]	Processing AIML file: C:\Users\user\Desktop\RTK\EKA2020\MaksligaisIntelekts\TerzesanasBota_Paraugs_AIML\azokaBOT\aiml\pand_initial.aiml
[23:43:58]	[Info]	Processing AIML file: C:\Users\user\Desktop\RTK\EKA2020\MaksligaisIntelekts\TerzesanasBota_Paraugs_AIML\azokaBOT\aiml\sveiciens.aiml
[23:43:58]	[Info]	Finished loading the AIML files. 36 categories in 2 files processed.
[23:44:01]	[Chat]	User: cau
[23:44:01]	[Chat]	azoka bots: Čau! Vakcīna - Tā ir mūsu kopīga iespēja uzveikt pandēmiju un atgriezties ierastajā dzīves ritmā. Vai vēlies vakcineties pret Covid-19?
[23:44:01]	[Chat]	User: ja
[23:44:01]	[Chat]	azoka bots: Ko tieši Jūs interesē? 1. vakcīna? 2. vakcīna? Tests uz anti-vielam?
[23:44:03]	[Chat]	User: 2
[23:44:03]	[Chat]	azoka bots: Labi! Tu ierakstijies uz : asd asd asd asd asd asd asd asd as da sd asd as Adrese:
[23:44:47]	[Info]	Loading sets from C:\Users\user\Desktop\RTK\EKA2020\MaksligaisIntelekts\TerzesanasBota_Paraugs_AIML\azokaBOT\sets.
[23:44:47]	[Info]	Loaded 14 set(s).
[23:44:47]	[Info]	Loading maps from C:\Users\user\Desktop\RTK\EKA2020\MaksligaisIntelekts\TerzesanasBota_Paraugs_AIML\azokaBOT\maps.
[23:44:47]	[Info]	Loaded 4 map(s).
[23:44:47]	[Info]	Loading maps from C:\Users\user\Desktop\RTK\EKA2020\MaksligaisIntelekts\TerzesanasBota_Paraugs_AIML\azokaBOT\triples.txt.
[23:44:47]	[Info]	Loaded 17 triple(s).
[23:44:47]	[Info]	Loading AIML files from C:\Users\user\Desktop\RTK\EKA2020\MaksligaisIntelekts\TerzesanasBota_Paraugs_AIML\azokaBOT\aiml
[23:44:47]	[Info]	Processing AIML file: C:\Users\user\Desktop\RTK\EKA2020\MaksligaisIntelekts\TerzesanasBota_Paraugs_AIML\azokaBOT\aiml\pand_initial.aiml
[23:44:47]	[Info]	Processing AIML file: C:\Users\user\Desktop\RTK\EKA2020\MaksligaisIntelekts\TerzesanasBota_Paraugs_AIML\azokaBOT\aiml\sveiciens.aiml
[23:44:47]	[Info]	Finished loading the AIML files. 36 categories in 2 files processed.
[23:44:50]	[Chat]	User: cau
[23:44:50]	[Chat]	azoka bots: Sveiks! Vakcinācija paredzēta pieaugušajiem Latvijas iedzīvotājiem. Vai vēlies vakcineties pret Covid-19?
[23:44:50]	[Chat]	User: ja
[23:44:50]	[Chat]	azoka bots: Ko tieši Jūs interesē? 1. vakcīna? 2. vakcīna? Tests uz anti-vielam?
[23:44:50]	[Chat]	User: 2
[23:44:50]	[Chat]	azoka bots: Labi! Tu ierakstijies uz : asd asd asd asd asd asd asd asd as da sd asd as Adrese:
[23:44:52]	[Chat]	User: ja
[23:44:52]	[Chat]	azoka bots: Es diemžēl nesapratu! Čau! Vakcīna - Tā ir mūsu kopīga iespēja uzveikt pandēmiju un atgriezties ierastajā dzīves ritmā. Vai vēlies vakcineties pret Covid-19?
[23:45:02]	[Chat]	User: ja
[23:45:02]	[Chat]	azoka bots: Es diemžēl nesapratu! Čau! Vakcīna - Tā ir mūsu kopīga iespēja uzveikt pandēmiju un atgriezties ierastajā dzīves ritmā. Vai vēlies vakcineties pret Covid-19?
[23:45:05]	[Chat]	User: ja
[23:45:05]	[Chat]	azoka bots: Es diemžēl nesapratu! Sveiki! Vai vēlies vakcineties pret Covid-19?
[23:50:21]	[Info]	Loading sets from C:\Users\user\Desktop\RTK\EKA2020\MaksligaisIntelekts\TerzesanasBota_Paraugs_AIML\azokaBOT\sets.
[23:50:21]	[Info]	Loaded 14 set(s).
[23:50:21]	[Info]	Loading maps from C:\Users\user\Desktop\RTK\EKA2020\MaksligaisIntelekts\TerzesanasBota_Paraugs_AIML\azokaBOT\maps.
[23:50:21]	[Info]	Loaded 4 map(s).
[23:50:21]	[Info]	Loading maps from C:\Users\user\Desktop\RTK\EKA2020\MaksligaisIntelekts\TerzesanasBota_Paraugs_AIML\azokaBOT\triples.txt.
[23:50:21]	[Info]	Loaded 17 triple(s).
[23:50:21]	[Info]	Loading AIML files from C:\Users\user\Desktop\RTK\EKA2020\MaksligaisIntelekts\TerzesanasBota_Paraugs_AIML\azokaBOT\aiml
[23:50:21]	[Info]	Processing AIML file: C:\Users\user\Desktop\RTK\EKA2020\MaksligaisIntelekts\TerzesanasBota_Paraugs_AIML\azokaBOT\aiml\pand_initial.aiml
[23:50:21]	[Info]	Processing AIML file: C:\Users\user\Desktop\RTK\EKA2020\MaksligaisIntelekts\TerzesanasBota_Paraugs_AIML\azokaBOT\aiml\sveiciens.aiml
[23:50:21]	[Info]	Finished loading the AIML files. 43 categories in 2 files processed.
[23:50:26]	[Chat]	User: cau
[23:50:26]	[Chat]	azoka bots: Sveiki! Vakcīna pasargās Jūs no simptomātiskas saslimšanas ar Covid-19. Vai vēlies vakcineties pret Covid-19?
[23:50:28]	[Chat]	User: ja
[23:50:29]	[Chat]	azoka bots: Ko tieši Jūs interesē? 1. vakcīna? 2. vakcīna? Tests uz anti-vielam?
[23:50:30]	[Chat]	User: 2
[23:50:30]	[Chat]	azoka bots: Labi! Tu ierakstijies uz : asd asd asd asd asd asd asd asd as da sd asd as Adrese:
[23:50:33]	[Chat]	User: ja
[23:50:33]	[Chat]	azoka bots: Labi! Izvelies laboratorijas adresi, kur grībat nodot asina analizes? 1. Rīga-Imanta, Anninmuižas būlv. 90, 2. Rīga-Centrs, Merkeļa iela 2, 3. Rīga- Purvciems, Nicgales iela 2, 4. Rīga- Kengarags, Kengaraga iela 1a
[23:51:28]	[Info]	Loading sets from C:\Users\user\Desktop\RTK\EKA2020\MaksligaisIntelekts\TerzesanasBota_Paraugs_AIML\azokaBOT\sets.
[23:51:28]	[Info]	Loaded 14 set(s).
[23:51:28]	[Info]	Loading maps from C:\Users\user\Desktop\RTK\EKA2020\MaksligaisIntelekts\TerzesanasBota_Paraugs_AIML\azokaBOT\maps.
[23:51:28]	[Info]	Loaded 4 map(s).
[23:51:28]	[Info]	Loading maps from C:\Users\user\Desktop\RTK\EKA2020\MaksligaisIntelekts\TerzesanasBota_Paraugs_AIML\azokaBOT\triples.txt.
[23:51:28]	[Info]	Loaded 17 triple(s).
[23:51:28]	[Info]	Loading AIML files from C:\Users\user\Desktop\RTK\EKA2020\MaksligaisIntelekts\TerzesanasBota_Paraugs_AIML\azokaBOT\aiml
[23:51:28]	[Info]	Processing AIML file: C:\Users\user\Desktop\RTK\EKA2020\MaksligaisIntelekts\TerzesanasBota_Paraugs_AIML\azokaBOT\aiml\pand_initial.aiml
[23:51:28]	[Info]	Processing AIML file: C:\Users\user\Desktop\RTK\EKA2020\MaksligaisIntelekts\TerzesanasBota_Paraugs_AIML\azokaBOT\aiml\sveiciens.aiml
[23:51:28]	[Info]	Finished loading the AIML files. 43 categories in 2 files processed.
[23:51:32]	[Chat]	User: cau
[23:51:32]	[Chat]	azoka bots: Sveiks! Vakcinācija paredzēta pieaugušajiem Latvijas iedzīvotājiem. Vai vēlies vakcineties pret Covid-19?
[23:51:36]	[Chat]	User: ja
[23:51:36]	[Chat]	azoka bots: Ko tieši Jūs interesē? 1. vakcīna? 2. vakcīna? Tests uz anti-vielam?
[23:51:38]	[Chat]	User: 2
[23:51:38]	[Chat]	azoka bots: Labi! Labi! Izvelies laboratorijas adresi, kur grībat nodot asina analizes? 1. Rīga-Imanta, Anninmuižas būlv. 90, 2. Rīga-Centrs, Merkeļa iela 2, 3. Rīga- Purvciems, Nicgales iela 2, 4. Rīga- Kengarags, Kengaraga iela 1a
[23:52:21]	[Info]	Loading sets from C:\Users\user\Desktop\RTK\EKA2020\MaksligaisIntelekts\TerzesanasBota_Paraugs_AIML\azokaBOT\sets.
[23:52:22]	[Info]	Loaded 14 set(s).
[23:52:22]	[Info]	Loading maps from C:\Users\user\Desktop\RTK\EKA2020\MaksligaisIntelekts\TerzesanasBota_Paraugs_AIML\azokaBOT\maps.
[23:52:22]	[Info]	Loaded 4 map(s).
[23:52:22]	[Info]	Loading maps from C:\Users\user\Desktop\RTK\EKA2020\MaksligaisIntelekts\TerzesanasBota_Paraugs_AIML\azokaBOT\triples.txt.
[23:52:22]	[Info]	Loaded 17 triple(s).
[23:52:22]	[Info]	Loading AIML files from C:\Users\user\Desktop\RTK\EKA2020\MaksligaisIntelekts\TerzesanasBota_Paraugs_AIML\azokaBOT\aiml
[23:52:22]	[Info]	Processing AIML file: C:\Users\user\Desktop\RTK\EKA2020\MaksligaisIntelekts\TerzesanasBota_Paraugs_AIML\azokaBOT\aiml\pand_initial.aiml
[23:52:22]	[Info]	Processing AIML file: C:\Users\user\Desktop\RTK\EKA2020\MaksligaisIntelekts\TerzesanasBota_Paraugs_AIML\azokaBOT\aiml\sveiciens.aiml
[23:52:22]	[Info]	Finished loading the AIML files. 43 categories in 2 files processed.
[23:52:25]	[Chat]	User: cau
[23:52:25]	[Chat]	azoka bots: Sveiks! Vakcinācija paredzēta pieaugušajiem Latvijas iedzīvotājiem. Vai vēlies vakcineties pret Covid-19?
[23:52:26]	[Chat]	User: ja
[23:52:26]	[Chat]	azoka bots: Ko tieši Jūs interesē? 1. vakcīna? 2. vakcīna? Tests uz anti-vielam?
[23:52:28]	[Chat]	User: 1
[23:52:28]	[Chat]	azoka bots: Labi! Tava izvēle ir: vakcīnaNr1.Vai pareizi sapratu?
[23:52:31]	[Chat]	User: ja
[23:52:31]	[Chat]	azoka bots: Lieliski! Vai tu vēlies arī tests uz anti-vielam pec 2 nedēļam?
[23:52:33]	[Chat]	User: ja
[23:52:33]	[Chat]	azoka bots: Labi! Izvelies laboratorijas adresi, kur grībat nodot asina analizes? 1. Rīga-Imanta, Anninmuižas būlv. 90, 2. Rīga-Centrs, Merkeļa iela 2, 3. Rīga- Purvciems, Nicgales iela 2, 4. Rīga- Kengarags, Kengaraga iela 1a
[23:52:34]	[Chat]	User: 1
[23:52:34]	[Chat]	azoka bots: Labi! Tava izvēle ir: Rīga-Imanta, Anninmuižas būlv. 90. Vai pareizi sapratu?
[23:52:37]	[Chat]	User: ja
[23:52:37]	[Chat]	azoka bots: Lieliski! Tu ierakstijies uz : Pakalpojums1: vakcīnaNr1 Adrese: unknown Pakalpojums2: unknown Adrese: unknown Pakalpojums3: Rīga-Imanta, Anninmuižas būlv. 90 Adrese: Neaizmirsti paņemt līdi personas apliecinošu dokumentu! Paldies, ka izvelejies mūsu pakalpojumus!
[23:52:41]	[Chat]	User: cau
[23:52:41]	[Chat]	azoka bots: Sveiki! Vakcīna pasargās Jūs no simptomātiskas saslimšanas ar Covid-19. Vai vēlies vakcineties pret Covid-19?
[23:52:44]	[Chat]	User: ja
[23:52:44]	[Chat]	azoka bots: Ko tieši Jūs interesē? 1. vakcīna? 2. vakcīna? Tests uz anti-vielam?
[23:52:45]	[Chat]	User: 2
[23:52:45]	[Chat]	azoka bots: Labi! Izvelies laboratorijas adresi, kur grībat nodot asina analizes? 1. Rīga-Imanta, Anninmuižas būlv. 90, 2. Rīga-Centrs, Merkeļa iela 2, 3. Rīga- Purvciems, Nicgales iela 2, 4. Rīga- Kengarags, Kengaraga iela 1a
[23:52:50]	[Chat]	User: 2
[23:52:50]	[Chat]	azoka bots: Labi! Tava izvēle ir: Rīga-Centrs, Merkeļa iela 2. Vai pareizi sapratu?
[23:52:53]	[Chat]	User: ja
[23:52:53]	[Chat]	azoka bots: Lieliski! Tu ierakstijies uz : Pakalpojums1: vakcīnaNr1 Adrese: unknown Pakalpojums2: unknown Adrese: unknown Pakalpojums3: Rīga-Centrs, Merkeļa iela 2 Adrese: Neaizmirsti paņemt līdi personas apliecinošu dokumentu! Paldies, ka izvelejies mūsu pakalpojumus!
[23:54:56]	[Info]	Loading sets from C:\Users\user\Desktop\RTK\EKA2020\MaksligaisIntelekts\TerzesanasBota_Paraugs_AIML\azokaBOT\sets.
[23:54:56]	[Info]	Loaded 14 set(s).
[23:54:56]	[Info]	Loading maps from C:\Users\user\Desktop\RTK\EKA2020\MaksligaisIntelekts\TerzesanasBota_Paraugs_AIML\azokaBOT\maps.
[23:54:56]	[Info]	Loaded 4 map(s).
[23:54:56]	[Info]	Loading maps from C:\Users\user\Desktop\RTK\EKA2020\MaksligaisIntelekts\TerzesanasBota_Paraugs_AIML\azokaBOT\triples.txt.
[23:54:56]	[Info]	Loaded 17 triple(s).
[23:54:56]	[Info]	Loading AIML files from C:\Users\user\Desktop\RTK\EKA2020\MaksligaisIntelekts\TerzesanasBota_Paraugs_AIML\azokaBOT\aiml
[23:54:56]	[Info]	Processing AIML file: C:\Users\user\Desktop\RTK\EKA2020\MaksligaisIntelekts\TerzesanasBota_Paraugs_AIML\azokaBOT\aiml\pand_initial.aiml
[23:54:56]	[Info]	Processing AIML file: C:\Users\user\Desktop\RTK\EKA2020\MaksligaisIntelekts\TerzesanasBota_Paraugs_AIML\azokaBOT\aiml\sveiciens.aiml
[23:54:56]	[Info]	Finished loading the AIML files. 46 categories in 2 files processed.
[23:55:01]	[Chat]	User: cau
[23:55:01]	[Chat]	azoka bots: Sveiki! Vakcīna pasargās Jūs no simptomātiskas saslimšanas ar Covid-19. Vai vēlies vakcineties pret Covid-19?
[23:55:02]	[Chat]	User: ja
[23:55:02]	[Chat]	azoka bots: Ko tieši Jūs interesē? 1. vakcīna? 2. vakcīna? Tests uz anti-vielam?
[23:55:04]	[Chat]	User: 2
[23:55:04]	[Chat]	azoka bots: Labi! Izvelies laboratorijas adresi, kur grībat nodot asina analizes? 1. Rīga-Imanta, Anninmuižas būlv. 90, 2. Rīga-Centrs, Merkeļa iela 2, 3. Rīga- Purvciems, Nicgales iela 2, 4. Rīga- Kengarags, Kengaraga iela 1a
[23:55:20]	[Chat]	User: 1
[23:55:20]	[Chat]	azoka bots: Labi! Tava izvēle ir: Rīga-Imanta, Anninmuižas būlv. 90. Vai pareizi sapratu?
[23:55:25]	[Chat]	User: protams
[23:55:25]	[Chat]	azoka bots: Atvaino! Diemžēl nesapratu! Vai es pareizi sapratu, ka tava izvēle ir Rīga-Imanta, Anninmuižas būlv. 90?
[23:55:30]	[Chat]	User: ja
[23:55:30]	[Chat]	azoka bots: Lieliski! Tu ierakstijies uz : Pakalpojums1: unknown Adrese: unknown Pakalpojums2: unknown Adrese: unknown Pakalpojums3: Rīga-Imanta, Anninmuižas būlv. 90 Adrese: Neaizmirsti paņemt līdi personas apliecinošu dokumentu! Paldies, ka izvelejies mūsu pakalpojumus!
[23:57:53]	[Info]	Loading sets from C:\Users\user\Desktop\RTK\EKA2020\MaksligaisIntelekts\TerzesanasBota_Paraugs_AIML\azokaBOT\sets.
[23:57:53]	[Info]	Loaded 14 set(s).
[23:57:53]	[Info]	Loading maps from C:\Users\user\Desktop\RTK\EKA2020\MaksligaisIntelekts\TerzesanasBota_Paraugs_AIML\azokaBOT\maps.
[23:57:53]	[Info]	Loaded 4 map(s).
[23:57:53]	[Info]	Loading maps from C:\Users\user\Desktop\RTK\EKA2020\MaksligaisIntelekts\TerzesanasBota_Paraugs_AIML\azokaBOT\triples.txt.
[23:57:53]	[Info]	Loaded 17 triple(s).
[23:57:53]	[Info]	Loading AIML files from C:\Users\user\Desktop\RTK\EKA2020\MaksligaisIntelekts\TerzesanasBota_Paraugs_AIML\azokaBOT\aiml
[23:57:53]	[Info]	Processing AIML file: C:\Users\user\Desktop\RTK\EKA2020\MaksligaisIntelekts\TerzesanasBota_Paraugs_AIML\azokaBOT\aiml\pand_initial.aiml
[23:57:53]	[Info]	Processing AIML file: C:\Users\user\Desktop\RTK\EKA2020\MaksligaisIntelekts\TerzesanasBota_Paraugs_AIML\azokaBOT\aiml\sveiciens.aiml
[23:57:53]	[Info]	Finished loading the AIML files. 46 categories in 2 files processed.
[23:57:56]	[Chat]	User: cau
[23:57:56]	[Chat]	azoka bots: Sveiki! Vakcīna pasargās Jūs no simptomātiskas saslimšanas ar Covid-19. Vai vēlies vakcineties pret Covid-19?
[23:57:58]	[Chat]	User: ja
[23:57:58]	[Chat]	azoka bots: Ko tieši Jūs interesē? 1. vakcīna? 2. vakcīna? Tests uz anti-vielam?
[23:58:05]	[Chat]	User: 2vakcina
[23:58:05]	[Chat]	azoka bots: Labi! Izvelies laboratorijas adresi, kur grībat nodot asina analizes? 1. Rīga-Imanta, Anninmuižas būlv. 90, 2. Rīga-Centrs, Merkeļa iela 2, 3. Rīga- Purvciems, Nicgales iela 2, 4. Rīga- Kengarags, Kengaraga iela 1a
[23:58:19]	[Chat]	User: centrs
[23:58:19]	[Chat]	azoka bots: Diemžēl tādu laboratoriju nav. Mēs piedāvājam : 1. Rīga-Imanta, Anninmuižas būlv. 90, 2. Rīga-Centrs, Merkeļa iela 2, 3. Rīga- Purvciems, Nicgales iela 2, 4. Rīga- Kengarags, Kengaraga iela 1a. Kur grībat nodot asina analizes?
[23:58:36]	[Info]	Loading sets from C:\Users\user\Desktop\RTK\EKA2020\MaksligaisIntelekts\TerzesanasBota_Paraugs_AIML\azokaBOT\sets.
[23:58:36]	[Info]	Loaded 14 set(s).
[23:58:36]	[Info]	Loading maps from C:\Users\user\Desktop\RTK\EKA2020\MaksligaisIntelekts\TerzesanasBota_Paraugs_AIML\azokaBOT\maps.
[23:58:36]	[Info]	Loaded 4 map(s).
[23:58:36]	[Info]	Loading maps from C:\Users\user\Desktop\RTK\EKA2020\MaksligaisIntelekts\TerzesanasBota_Paraugs_AIML\azokaBOT\triples.txt.
[23:58:36]	[Info]	Loaded 17 triple(s).
[23:58:36]	[Info]	Loading AIML files from C:\Users\user\Desktop\RTK\EKA2020\MaksligaisIntelekts\TerzesanasBota_Paraugs_AIML\azokaBOT\aiml
[23:58:36]	[Info]	Processing AIML file: C:\Users\user\Desktop\RTK\EKA2020\MaksligaisIntelekts\TerzesanasBota_Paraugs_AIML\azokaBOT\aiml\pand_initial.aiml
[23:58:36]	[Info]	Processing AIML file: C:\Users\user\Desktop\RTK\EKA2020\MaksligaisIntelekts\TerzesanasBota_Paraugs_AIML\azokaBOT\aiml\sveiciens.aiml
[23:58:36]	[Info]	Finished loading the AIML files. 46 categories in 2 files processed.
[23:58:40]	[Chat]	User: cau
[23:58:40]	[Chat]	azoka bots: Sveiks! Vakcinācija paredzēta pieaugušajiem Latvijas iedzīvotājiem. Vai vēlies vakcineties pret Covid-19?
[23:58:47]	[Chat]	User: ja
[23:58:47]	[Chat]	azoka bots: Ko tieši Jūs interesē? 1. vakcīna? 2. vakcīna? Tests uz anti-vielam?
[23:58:49]	[Chat]	User: 2
[23:58:49]	[Chat]	azoka bots: Labi! Izvelies laboratorijas adresi, kur grībat nodot asina analizes? 1. Rīga-Imanta, Anninmuižas būlv. 90, 2. Rīga-Centrs, Merkeļa iela 2, 3. Rīga- Purvciems, Nicgales iela 2, 4. Rīga- Kengarags, Kengaraga iela 1a
[23:58:52]	[Chat]	User: 1
[23:58:52]	[Chat]	azoka bots: Labi! Tava izvēle ir: Rīga-Imanta, Anninmuižas būlv. 90. Vai pareizi sapratu?
[23:58:54]	[Chat]	User: ja
[23:58:54]	[Chat]	azoka bots: Lieliski! Tu ierakstijies uz : Pakalpojums1: unknown Adrese: unknown Pakalpojums2: unknown Adrese: unknown Pakalpojums3: Rīga-Imanta, Anninmuižas būlv. 90 Adrese: Neaizmirsti paņemt līdi personas apliecinošu dokumentu! Paldies, ka izvelejies mūsu pakalpojumus!
[23:59:17]	[Chat]	User: cau
[23:59:17]	[Chat]	azoka bots: Sveiks! Vakcinācija paredzēta pieaugušajiem Latvijas iedzīvotājiem. Vai vēlies vakcineties pret Covid-19?
[23:59:19]	[Chat]	User: ja
[23:59:19]	[Chat]	azoka bots: Ko tieši Jūs interesē? 1. vakcīna? 2. vakcīna? Tests uz anti-vielam?
[23:59:27]	[Chat]	User: 2
[23:59:27]	[Chat]	azoka bots: Labi! Izvelies laboratorijas adresi, kur grībat nodot asina analizes? 1. Rīga-Imanta, Anninmuižas būlv. 90, 2. Rīga-Centrs, Merkeļa iela 2, 3. Rīga- Purvciems, Nicgales iela 2, 4. Rīga- Kengarags, Kengaraga iela 1a
[23:59:32]	[Chat]	User: 1
[23:59:32]	[Chat]	azoka bots: Labi! Tava izvēle ir: Rīga-Imanta, Anninmuižas būlv. 90. Vai pareizi sapratu?
[23:59:35]	[Chat]	User: ja
[23:59:35]	[Chat]	azoka bots: Lieliski! Tu ierakstijies uz : Pakalpojums1: unknown Adrese: unknown Pakalpojums2: unknown Adrese: unknown Pakalpojums3: Rīga-Imanta, Anninmuižas būlv. 90 Adrese: Neaizmirsti paņemt līdi personas apliecinošu dokumentu! Paldies, ka izvelejies mūsu pakalpojumus!
[23:59:48]	[Info]	Loading sets from C:\Users\user\Desktop\RTK\EKA2020\MaksligaisIntelekts\TerzesanasBota_Paraugs_AIML\azokaBOT\sets.
[23:59:48]	[Info]	Loaded 14 set(s).
[23:59:48]	[Info]	Loading maps from C:\Users\user\Desktop\RTK\EKA2020\MaksligaisIntelekts\TerzesanasBota_Paraugs_AIML\azokaBOT\maps.
[23:59:48]	[Info]	Loaded 4 map(s).
[23:59:48]	[Info]	Loading maps from C:\Users\user\Desktop\RTK\EKA2020\MaksligaisIntelekts\TerzesanasBota_Paraugs_AIML\azokaBOT\triples.txt.
[23:59:48]	[Info]	Loaded 17 triple(s).
[23:59:48]	[Info]	Loading AIML files from C:\Users\user\Desktop\RTK\EKA2020\MaksligaisIntelekts\TerzesanasBota_Paraugs_AIML\azokaBOT\aiml
[23:59:48]	[Info]	Processing AIML file: C:\Users\user\Desktop\RTK\EKA2020\MaksligaisIntelekts\TerzesanasBota_Paraugs_AIML\azokaBOT\aiml\pand_initial.aiml
[23:59:48]	[Info]	Processing AIML file: C:\Users\user\Desktop\RTK\EKA2020\MaksligaisIntelekts\TerzesanasBota_Paraugs_AIML\azokaBOT\aiml\sveiciens.aiml
[23:59:48]	[Info]	Finished loading the AIML files. 46 categories in 2 files processed.
[23:59:51]	[Chat]	User: cau
[23:59:51]	[Chat]	azoka bots: Sveiki! Vakcīna pasargās Jūs no simptomātiskas saslimšanas ar Covid-19. Vai vēlies vakcineties pret Covid-19?
[23:59:55]	[Chat]	User: ja
[23:59:55]	[Chat]	azoka bots: Ko tieši Jūs interesē? 1. vakcīna? 2. vakcīna? Tests uz anti-vielam?
[23:59:58]	[Chat]	User: 1
[23:59:58]	[Chat]	azoka bots: Labi! Tava izvēle ir: vakcīnaNr1.Vai pareizi sapratu?
